[ 2017-04-28T20:17:42+08:00 ] 127.0.0.1 /hbs/index.php/Home/Activity/showActDetail?id=4
INFO: [ app_init ] --START--
INFO: Run Behavior\BuildLiteBehavior [ RunTime:0.000049s ]
INFO: [ app_init ] --END-- [ RunTime:0.061820s ]
INFO: [ app_begin ] --START--
INFO: Run Behavior\ReadHtmlCacheBehavior [ RunTime:0.012271s ]
INFO: [ app_begin ] --END-- [ RunTime:0.012508s ]
NOTIC: [8192] mysql_connect(): The mysql extension is deprecated and will be removed in the future: use mysqli or PDO instead F:\PHP\hbs\ThinkPHP\Library\Think\Db\Driver\Mysql.class.php 第 52 行.
SQL: SHOW COLUMNS FROM `hbs_activity` [ RunTime:0.013597s ]
SQL: SELECT * FROM `hbs_activity` WHERE ( `id` = 4 )  [ RunTime:0.014915s ]
SQL: SHOW COLUMNS FROM `hbs_comment` [ RunTime:0.002125s ]
SQL: SELECT * FROM `hbs_comment` WHERE ( `table` = 'activity' ) AND ( `tid` = 4 )  [ RunTime:0.000971s ]
INFO: [ view_parse ] --START--
INFO: [ template_filter ] --START--
INFO: Run Behavior\ContentReplaceBehavior [ RunTime:0.000141s ]
INFO: [ template_filter ] --END-- [ RunTime:0.000356s ]
INFO: Run Behavior\ParseTemplateBehavior [ RunTime:0.087733s ]
INFO: [ view_parse ] --END-- [ RunTime:0.087949s ]
INFO: [ view_filter ] --START--
INFO: Run Behavior\WriteHtmlCacheBehavior [ RunTime:0.018752s ]
INFO: [ view_filter ] --END-- [ RunTime:0.018948s ]
INFO: [ app_end ] --START--
INFO: Run Behavior\ShowPageTraceBehavior [ RunTime:0.026862s ]
INFO: [ app_end ] --END-- [ RunTime:0.027049s ]

