[ 2017-04-07T10:57:27+08:00 ] 127.0.0.1 /hbs/index.php/Home/User/showUser
INFO: [ app_init ] --START--
INFO: Run Behavior\BuildLiteBehavior [ RunTime:0.000043s ]
INFO: [ app_init ] --END-- [ RunTime:0.017400s ]
INFO: [ app_begin ] --START--
INFO: Run Behavior\ReadHtmlCacheBehavior [ RunTime:0.012000s ]
INFO: [ app_begin ] --END-- [ RunTime:0.012243s ]
INFO: [ view_parse ] --START--
INFO: [ template_filter ] --START--
INFO: Run Behavior\ContentReplaceBehavior [ RunTime:0.000143s ]
INFO: [ template_filter ] --END-- [ RunTime:0.000344s ]
NOTIC: [8] Undefined variable: username F:\PHP\hbs\App\Runtime\Cache\Home\a4adc3f4d9387169e689e336da0b6435.php 第 30 行.
NOTIC: [8] Undefined variable: gender F:\PHP\hbs\App\Runtime\Cache\Home\a4adc3f4d9387169e689e336da0b6435.php 第 35 行.
NOTIC: [8] Undefined variable: phone F:\PHP\hbs\App\Runtime\Cache\Home\a4adc3f4d9387169e689e336da0b6435.php 第 44 行.
NOTIC: [8] Undefined variable: qq F:\PHP\hbs\App\Runtime\Cache\Home\a4adc3f4d9387169e689e336da0b6435.php 第 48 行.
NOTIC: [8] Undefined variable: wechat F:\PHP\hbs\App\Runtime\Cache\Home\a4adc3f4d9387169e689e336da0b6435.php 第 53 行.
NOTIC: [8] Undefined variable: kind F:\PHP\hbs\App\Runtime\Cache\Home\a4adc3f4d9387169e689e336da0b6435.php 第 57 行.
NOTIC: [8] Undefined variable: class F:\PHP\hbs\App\Runtime\Cache\Home\a4adc3f4d9387169e689e336da0b6435.php 第 65 行.
NOTIC: [8] Undefined variable: id F:\PHP\hbs\App\Runtime\Cache\Home\a4adc3f4d9387169e689e336da0b6435.php 第 69 行.
NOTIC: [8] Undefined variable: room F:\PHP\hbs\App\Runtime\Cache\Home\a4adc3f4d9387169e689e336da0b6435.php 第 73 行.
NOTIC: [8] Undefined variable: province F:\PHP\hbs\App\Runtime\Cache\Home\a4adc3f4d9387169e689e336da0b6435.php 第 78 行.
NOTIC: [8] Undefined variable: city F:\PHP\hbs\App\Runtime\Cache\Home\a4adc3f4d9387169e689e336da0b6435.php 第 79 行.
NOTIC: [8] Undefined variable: attend F:\PHP\hbs\App\Runtime\Cache\Home\a4adc3f4d9387169e689e336da0b6435.php 第 84 行.
NOTIC: [8] Undefined variable: leave F:\PHP\hbs\App\Runtime\Cache\Home\a4adc3f4d9387169e689e336da0b6435.php 第 88 行.
NOTIC: [8] Undefined variable: score F:\PHP\hbs\App\Runtime\Cache\Home\a4adc3f4d9387169e689e336da0b6435.php 第 92 行.
INFO: Run Behavior\ParseTemplateBehavior [ RunTime:0.065399s ]
INFO: [ view_parse ] --END-- [ RunTime:0.065586s ]
INFO: [ view_filter ] --START--
INFO: Run Behavior\WriteHtmlCacheBehavior [ RunTime:0.014253s ]
INFO: [ view_filter ] --END-- [ RunTime:0.014521s ]
INFO: [ app_end ] --START--
INFO: Run Behavior\ShowPageTraceBehavior [ RunTime:0.001702s ]
INFO: [ app_end ] --END-- [ RunTime:0.002024s ]

[ 2017-04-07T11:06:42+08:00 ] 127.0.0.1 /hbs/index.php/Home/User/showLogin
INFO: [ app_init ] --START--
INFO: Run Behavior\BuildLiteBehavior [ RunTime:0.000050s ]
INFO: [ app_init ] --END-- [ RunTime:0.001199s ]
INFO: [ app_begin ] --START--
INFO: Run Behavior\ReadHtmlCacheBehavior [ RunTime:0.001259s ]
INFO: [ app_begin ] --END-- [ RunTime:0.001476s ]
INFO: [ view_parse ] --START--
INFO: [ template_filter ] --START--
INFO: Run Behavior\ContentReplaceBehavior [ RunTime:0.000121s ]
INFO: [ template_filter ] --END-- [ RunTime:0.000305s ]
NOTIC: [8] Undefined variable: id F:\PHP\hbs\App\Runtime\Cache\Home\6bb4b989a4f06b94be06a5e6444438db.php 第 26 行.
NOTIC: [8] Undefined variable: password F:\PHP\hbs\App\Runtime\Cache\Home\6bb4b989a4f06b94be06a5e6444438db.php 第 30 行.
INFO: Run Behavior\ParseTemplateBehavior [ RunTime:0.063969s ]
INFO: [ view_parse ] --END-- [ RunTime:0.064269s ]
INFO: [ view_filter ] --START--
INFO: Run Behavior\WriteHtmlCacheBehavior [ RunTime:0.000820s ]
INFO: [ view_filter ] --END-- [ RunTime:0.001081s ]
INFO: [ app_end ] --START--
INFO: Run Behavior\ShowPageTraceBehavior [ RunTime:0.001103s ]
INFO: [ app_end ] --END-- [ RunTime:0.001322s ]

[ 2017-04-07T11:06:45+08:00 ] 127.0.0.1 /hbs/index.php/Home/User/login
INFO: [ app_init ] --START--
INFO: Run Behavior\BuildLiteBehavior [ RunTime:0.000038s ]
INFO: [ app_init ] --END-- [ RunTime:0.000771s ]
INFO: [ app_begin ] --START--
INFO: Run Behavior\ReadHtmlCacheBehavior [ RunTime:0.000788s ]
INFO: [ app_begin ] --END-- [ RunTime:0.000968s ]
NOTIC: [8192] mysql_connect(): The mysql extension is deprecated and will be removed in the future: use mysqli or PDO instead F:\PHP\hbs\ThinkPHP\Library\Think\Db\Driver\Mysql.class.php 第 52 行.
SQL: SHOW COLUMNS FROM `hbs_user` [ RunTime:0.003079s ]
SQL: SHOW COLUMNS FROM `hbs_user` [ RunTime:0.000979s ]
SQL: SELECT * FROM `hbs_user` WHERE ( `id` = 2014081008 ) AND ( `password` = '12345678' ) LIMIT 1   [ RunTime:0.000904s ]
INFO: [ app_end ] --START--
INFO: Run Behavior\ShowPageTraceBehavior [ RunTime:0.000966s ]
INFO: [ app_end ] --END-- [ RunTime:0.001147s ]

[ 2017-04-07T11:07:08+08:00 ] 127.0.0.1 /hbs/index.php/Home/User/login
INFO: [ app_init ] --START--
INFO: Run Behavior\BuildLiteBehavior [ RunTime:0.000038s ]
INFO: [ app_init ] --END-- [ RunTime:0.000780s ]
INFO: [ app_begin ] --START--
INFO: Run Behavior\ReadHtmlCacheBehavior [ RunTime:0.000872s ]
INFO: [ app_begin ] --END-- [ RunTime:0.001058s ]
NOTIC: [8192] mysql_connect(): The mysql extension is deprecated and will be removed in the future: use mysqli or PDO instead F:\PHP\hbs\ThinkPHP\Library\Think\Db\Driver\Mysql.class.php 第 52 行.
SQL: SHOW COLUMNS FROM `hbs_user` [ RunTime:0.001150s ]
SQL: SHOW COLUMNS FROM `hbs_user` [ RunTime:0.000790s ]
SQL: SELECT * FROM `hbs_user` WHERE ( `id` = 2014081008 ) AND ( `password` = '12345678' ) LIMIT 1   [ RunTime:0.000434s ]
INFO: [ app_end ] --START--
INFO: Run Behavior\ShowPageTraceBehavior [ RunTime:0.001109s ]
INFO: [ app_end ] --END-- [ RunTime:0.001288s ]

[ 2017-04-07T11:07:54+08:00 ] 127.0.0.1 /hbs/index.php/Home/User/login
INFO: [ app_init ] --START--
INFO: Run Behavior\BuildLiteBehavior [ RunTime:0.000037s ]
INFO: [ app_init ] --END-- [ RunTime:0.000716s ]
INFO: [ app_begin ] --START--
INFO: Run Behavior\ReadHtmlCacheBehavior [ RunTime:0.000737s ]
INFO: [ app_begin ] --END-- [ RunTime:0.000928s ]
NOTIC: [8192] mysql_connect(): The mysql extension is deprecated and will be removed in the future: use mysqli or PDO instead F:\PHP\hbs\ThinkPHP\Library\Think\Db\Driver\Mysql.class.php 第 52 行.
SQL: SHOW COLUMNS FROM `hbs_user` [ RunTime:0.000770s ]
SQL: SHOW COLUMNS FROM `hbs_user` [ RunTime:0.000702s ]
SQL: SELECT * FROM `hbs_user` WHERE ( `id` = 2014081008 ) AND ( `password` = '12345678' ) LIMIT 1   [ RunTime:0.000435s ]
INFO: [ app_end ] --START--
INFO: Run Behavior\ShowPageTraceBehavior [ RunTime:0.000911s ]
INFO: [ app_end ] --END-- [ RunTime:0.001085s ]

[ 2017-04-07T11:08:03+08:00 ] 127.0.0.1 /hbs/index.php/Home/User/showUser
INFO: [ app_init ] --START--
INFO: Run Behavior\BuildLiteBehavior [ RunTime:0.000040s ]
INFO: [ app_init ] --END-- [ RunTime:0.000790s ]
INFO: [ app_begin ] --START--
INFO: Run Behavior\ReadHtmlCacheBehavior [ RunTime:0.001238s ]
INFO: [ app_begin ] --END-- [ RunTime:0.001534s ]
NOTIC: [8192] mysql_connect(): The mysql extension is deprecated and will be removed in the future: use mysqli or PDO instead F:\PHP\hbs\ThinkPHP\Library\Think\Db\Driver\Mysql.class.php 第 52 行.
SQL: SHOW COLUMNS FROM `hbs_user` [ RunTime:0.000753s ]
SQL: SELECT hbs_user.id,hbs_user.`class`,hbs_user.`kind`,hbs_user.`phone`,hbs_user.`username`,hbs_userinfo.`city`,hbs_userinfo.`province`,
        hbs_userinfo.`room`,hbs_userinfo.qq,hbs_userinfo.wechat,
        hbs_userattend.`attend`,hbs_userattend.`leave`,hbs_userattend.`score`
        FROM hbs_user,hbs_userinfo,hbs_userattend 
        WHERE  hbs_user.id=hbs_userinfo.id 
        AND hbs_user.id=hbs_userattend.id
        AND hbs_user.id=2014081008 [ RunTime:0.000612s ]
NOTIC: [8] Undefined index: gender F:\PHP\hbs\App\Home\Controller\UserController.class.php 第 49 行.
INFO: [ view_parse ] --START--
INFO: [ template_filter ] --START--
INFO: Run Behavior\ContentReplaceBehavior [ RunTime:0.000361s ]
INFO: [ template_filter ] --END-- [ RunTime:0.000672s ]
NOTIC: [8] Undefined variable: gender F:\PHP\hbs\App\Runtime\Cache\Home\a4adc3f4d9387169e689e336da0b6435.php 第 35 行.
INFO: Run Behavior\ParseTemplateBehavior [ RunTime:0.012811s ]
INFO: [ view_parse ] --END-- [ RunTime:0.012991s ]
INFO: [ view_filter ] --START--
INFO: Run Behavior\WriteHtmlCacheBehavior [ RunTime:0.000607s ]
INFO: [ view_filter ] --END-- [ RunTime:0.000771s ]
INFO: [ app_end ] --START--
INFO: Run Behavior\ShowPageTraceBehavior [ RunTime:0.000857s ]
INFO: [ app_end ] --END-- [ RunTime:0.001027s ]

[ 2017-04-07T11:08:18+08:00 ] 127.0.0.1 /hbs/index.php/Home/User/saveUser
INFO: [ app_init ] --START--
INFO: Run Behavior\BuildLiteBehavior [ RunTime:0.000039s ]
INFO: [ app_init ] --END-- [ RunTime:0.000917s ]
INFO: [ app_begin ] --START--
INFO: Run Behavior\ReadHtmlCacheBehavior [ RunTime:0.000906s ]
INFO: [ app_begin ] --END-- [ RunTime:0.001098s ]
NOTIC: [8192] mysql_connect(): The mysql extension is deprecated and will be removed in the future: use mysqli or PDO instead F:\PHP\hbs\ThinkPHP\Library\Think\Db\Driver\Mysql.class.php 第 52 行.
SQL: SHOW COLUMNS FROM `hbs_user` [ RunTime:0.000778s ]
SQL: SHOW COLUMNS FROM `hbs_user` [ RunTime:0.000654s ]
SQL: SHOW COLUMNS FROM `hbs_userinfo` [ RunTime:0.000848s ]
SQL: UPDATE `hbs_user` SET `class`=1,`phone`='18813966769',`kind`=1,`username`='萧利丹' WHERE ( `id` = 2014081008 ) [ RunTime:0.067390s ]
INFO: [ app_end ] --START--
INFO: Run Behavior\ShowPageTraceBehavior [ RunTime:0.001218s ]
INFO: [ app_end ] --END-- [ RunTime:0.001444s ]

[ 2017-04-07T11:09:46+08:00 ] 127.0.0.1 /hbs/index.php/Home/User/saveUser
INFO: [ app_init ] --START--
INFO: Run Behavior\BuildLiteBehavior [ RunTime:0.000068s ]
INFO: [ app_init ] --END-- [ RunTime:0.001424s ]
INFO: [ app_begin ] --START--
INFO: Run Behavior\ReadHtmlCacheBehavior [ RunTime:0.000841s ]
INFO: [ app_begin ] --END-- [ RunTime:0.001029s ]
NOTIC: [8192] mysql_connect(): The mysql extension is deprecated and will be removed in the future: use mysqli or PDO instead F:\PHP\hbs\ThinkPHP\Library\Think\Db\Driver\Mysql.class.php 第 52 行.
SQL: SHOW COLUMNS FROM `hbs_user` [ RunTime:0.001233s ]
SQL: SHOW COLUMNS FROM `hbs_user` [ RunTime:0.000729s ]
SQL: SHOW COLUMNS FROM `hbs_userinfo` [ RunTime:0.000662s ]
SQL: UPDATE `hbs_user` SET `class`=1,`phone`='18813966769',`kind`=1,`username`='萧利丹' WHERE ( `id` = 2014081008 ) [ RunTime:0.040601s ]
INFO: [ app_end ] --START--
INFO: Run Behavior\ShowPageTraceBehavior [ RunTime:0.001283s ]
INFO: [ app_end ] --END-- [ RunTime:0.001560s ]

[ 2017-04-07T11:13:58+08:00 ] 127.0.0.1 /hbs/index.php/Home/User/saveUser
INFO: [ app_init ] --START--
INFO: Run Behavior\BuildLiteBehavior [ RunTime:0.000039s ]
INFO: [ app_init ] --END-- [ RunTime:0.000798s ]
INFO: [ app_begin ] --START--
INFO: Run Behavior\ReadHtmlCacheBehavior [ RunTime:0.001177s ]
INFO: [ app_begin ] --END-- [ RunTime:0.001372s ]
NOTIC: [8192] mysql_connect(): The mysql extension is deprecated and will be removed in the future: use mysqli or PDO instead F:\PHP\hbs\ThinkPHP\Library\Think\Db\Driver\Mysql.class.php 第 52 行.
SQL: SHOW COLUMNS FROM `hbs_user` [ RunTime:0.001208s ]
SQL: SHOW COLUMNS FROM `hbs_user` [ RunTime:0.000843s ]
SQL: SHOW COLUMNS FROM `hbs_userinfo` [ RunTime:0.000672s ]
SQL: UPDATE `hbs_user` SET `class`=1,`phone`='18813966769',`kind`=1,`username`='萧利丹' WHERE ( `id` = 2014081008 ) [ RunTime:0.044919s ]
INFO: [ app_end ] --START--
INFO: Run Behavior\ShowPageTraceBehavior [ RunTime:0.001430s ]
INFO: [ app_end ] --END-- [ RunTime:0.001705s ]

[ 2017-04-07T11:15:25+08:00 ] 127.0.0.1 /hbs/index.php/Home/User/saveUser
INFO: [ app_init ] --START--
INFO: Run Behavior\BuildLiteBehavior [ RunTime:0.000039s ]
INFO: [ app_init ] --END-- [ RunTime:0.000823s ]
INFO: [ app_begin ] --START--
INFO: Run Behavior\ReadHtmlCacheBehavior [ RunTime:0.000900s ]
INFO: [ app_begin ] --END-- [ RunTime:0.001093s ]
NOTIC: [8192] mysql_connect(): The mysql extension is deprecated and will be removed in the future: use mysqli or PDO instead F:\PHP\hbs\ThinkPHP\Library\Think\Db\Driver\Mysql.class.php 第 52 行.
SQL: SHOW COLUMNS FROM `hbs_user` [ RunTime:0.000900s ]
SQL: SHOW COLUMNS FROM `hbs_user` [ RunTime:0.000737s ]
SQL: SHOW COLUMNS FROM `hbs_userinfo` [ RunTime:0.001046s ]
SQL: UPDATE `hbs_user` SET `class`=1,`phone`='18813966769',`kind`=1,`username`='萧利丹' WHERE ( `id` = 2014081008 ) [ RunTime:0.039642s ]
INFO: [ app_end ] --START--
INFO: Run Behavior\ShowPageTraceBehavior [ RunTime:0.001098s ]
INFO: [ app_end ] --END-- [ RunTime:0.001285s ]

[ 2017-04-07T11:22:53+08:00 ] 127.0.0.1 /hbs/index.php/Home/User/saveUser
INFO: [ app_init ] --START--
INFO: Run Behavior\BuildLiteBehavior [ RunTime:0.000037s ]
INFO: [ app_init ] --END-- [ RunTime:0.000793s ]
INFO: [ app_begin ] --START--
INFO: Run Behavior\ReadHtmlCacheBehavior [ RunTime:0.000909s ]
INFO: [ app_begin ] --END-- [ RunTime:0.001095s ]
NOTIC: [8192] mysql_connect(): The mysql extension is deprecated and will be removed in the future: use mysqli or PDO instead F:\PHP\hbs\ThinkPHP\Library\Think\Db\Driver\Mysql.class.php 第 52 行.
SQL: SHOW COLUMNS FROM `hbs_user` [ RunTime:0.000933s ]
INFO: [ app_end ] --START--
INFO: Run Behavior\ShowPageTraceBehavior [ RunTime:0.001020s ]
INFO: [ app_end ] --END-- [ RunTime:0.001198s ]

